<?xml version="1.0" encoding="UTF-8"?>
<testng-results skipped="0" failed="0" ignored="0" total="1" passed="1">
  <reporter-output>
  </reporter-output>
  <suite name="Suite" duration-ms="12677" started-at="2021-06-06T13:32:46Z" finished-at="2021-06-06T13:32:59Z">
    <groups>
    </groups>
    <test name="Test" duration-ms="12677" started-at="2021-06-06T13:32:46Z" finished-at="2021-06-06T13:32:59Z">
      <class name="Test.Test.AppTest">
        <test-method status="PASS" signature="shouldAnswerWithTrue()[pri:0, instance:Test.Test.AppTest@124c278f]" name="shouldAnswerWithTrue" duration-ms="12657" started-at="2021-06-06T13:32:46Z" finished-at="2021-06-06T13:32:59Z">
          <reporter-output>
          </reporter-output>
        </test-method> <!-- shouldAnswerWithTrue -->
      </class> <!-- Test.Test.AppTest -->
    </test> <!-- Test -->
  </suite> <!-- Suite -->
</testng-results>
